This file contains any messages produced by compilers while
running configure, to aid debugging if configure makes a mistake.

It was created by configure, which was
generated by GNU Autoconf 2.60.  Invocation command line was

  $ ./configure 

## --------- ##
## Platform. ##
## --------- ##

hostname = kossu.home.derickrethans.nl
uname -m = i686
uname -r = 2.6.14.4
uname -s = Linux
uname -v = #6 PREEMPT Mon Jan 23 09:31:17 CET 2006

/usr/bin/uname -p = unknown
/bin/uname -X     = unknown

/bin/arch              = i686
/usr/bin/arch -k       = unknown
/usr/convex/getsysinfo = unknown
/usr/bin/hostinfo      = unknown
/bin/machine           = unknown
/usr/bin/oslevel       = unknown
/bin/universe          = unknown

PATH: /usr/local/lib/jdk/bin
PATH: /usr/local/bin
PATH: /usr/bin
PATH: /bin
PATH: /usr/bin/X11
PATH: /usr/games


## ----------- ##
## Core tests. ##
## ----------- ##

configure:1700: checking for a BSD-compatible install
configure:1756: result: /usr/bin/install -c
configure:1767: checking whether build environment is sane
configure:1810: result: yes
configure:1825: checking whether make sets $(MAKE)
configure:1846: result: yes
configure:1878: checking for working aclocal-1.4
configure:1885: result: found
configure:1893: checking for working autoconf
configure:1900: result: found
configure:1908: checking for working automake-1.4
configure:1915: result: found
configure:1923: checking for working autoheader
configure:1930: result: found
configure:1938: checking for working makeinfo
configure:1945: result: found
configure:1959: checking whether to enable maintainer-specific portions of Makefiles
configure:1968: result: no
configure:2031: checking for gcc
configure:2047: found /usr/local/bin/gcc
configure:2058: result: gcc
configure:2296: checking for C compiler version
configure:2303: gcc --version >&5
gcc (GCC) 4.1.2 20060928 (prerelease) (Debian 4.1.1-15)
Copyright (C) 2006 Free Software Foundation, Inc.
This is free software; see the source for copying conditions.  There is NO
warranty; not even for MERCHANTABILITY or FITNESS FOR A PARTICULAR PURPOSE.

configure:2306: $? = 0
configure:2313: gcc -v >&5
Using built-in specs.
Target: i486-linux-gnu
Configured with: ../src/configure -v --enable-languages=c,c++,fortran,objc,obj-c++,treelang --prefix=/usr --enable-shared --with-system-zlib --libexecdir=/usr/lib --without-included-gettext --enable-threads=posix --enable-nls --program-suffix=-4.1 --enable-__cxa_atexit --enable-clocale=gnu --enable-libstdcxx-debug --enable-mpfr --with-tune=i686 --enable-checking=release i486-linux-gnu
Thread model: posix
gcc version 4.1.2 20060928 (prerelease) (Debian 4.1.1-15)
configure:2316: $? = 0
configure:2323: gcc -V >&5
gcc: '-V' option must have argument
configure:2326: $? = 1
configure:2349: checking for C compiler default output file name
configure:2376: gcc    conftest.c  >&5
configure:2379: $? = 0
configure:2425: result: a.out
configure:2430: checking whether the C compiler works
configure:2440: ./a.out
configure:2443: $? = 0
configure:2460: result: yes
configure:2467: checking whether we are cross compiling
configure:2469: result: no
configure:2472: checking for suffix of executables
configure:2479: gcc -o conftest    conftest.c  >&5
configure:2482: $? = 0
configure:2506: result: 
configure:2512: checking for suffix of object files
configure:2538: gcc -c   conftest.c >&5
configure:2541: $? = 0
configure:2564: result: o
configure:2568: checking whether we are using the GNU C compiler
configure:2597: gcc -c   conftest.c >&5
configure:2603: $? = 0
configure:2610: test -z "$ac_c_werror_flag" || test ! -s conftest.err
configure:2613: $? = 0
configure:2620: test -s conftest.o
configure:2623: $? = 0
configure:2637: result: yes
configure:2642: checking whether gcc accepts -g
configure:2672: gcc -c -g  conftest.c >&5
configure:2678: $? = 0
configure:2685: test -z "$ac_c_werror_flag" || test ! -s conftest.err
configure:2688: $? = 0
configure:2695: test -s conftest.o
configure:2698: $? = 0
configure:2828: result: yes
configure:2845: checking for gcc option to accept ISO C89
configure:2919: gcc  -c -g -O2  conftest.c >&5
configure:2925: $? = 0
configure:2932: test -z "$ac_c_werror_flag" || test ! -s conftest.err
configure:2935: $? = 0
configure:2942: test -s conftest.o
configure:2945: $? = 0
configure:2965: result: none needed
configure:2985: checking for strerror in -lcposix
configure:3020: gcc -o conftest -g -O2   conftest.c -lcposix   >&5
/usr/bin/ld: cannot find -lcposix
collect2: ld returned 1 exit status
configure:3026: $? = 1
configure: failed program was:
| /* confdefs.h.  */
| #define PACKAGE_NAME ""
| #define PACKAGE_TARNAME ""
| #define PACKAGE_VERSION ""
| #define PACKAGE_STRING ""
| #define PACKAGE_BUGREPORT ""
| #define PACKAGE "gtkdbgp"
| #define VERSION "0.1"
| /* end confdefs.h.  */
| 
| /* Override any GCC internal prototype to avoid an error.
|    Use char because int might match the return type of a GCC
|    builtin and then its argument prototype would still apply.  */
| #ifdef __cplusplus
| extern "C"
| #endif
| char strerror ();
| int
| main ()
| {
| return strerror ();
|   ;
|   return 0;
| }
configure:3060: result: no
configure:3116: checking for gcc
configure:3143: result: gcc
configure:3381: checking for C compiler version
configure:3388: gcc --version >&5
gcc (GCC) 4.1.2 20060928 (prerelease) (Debian 4.1.1-15)
Copyright (C) 2006 Free Software Foundation, Inc.
This is free software; see the source for copying conditions.  There is NO
warranty; not even for MERCHANTABILITY or FITNESS FOR A PARTICULAR PURPOSE.

configure:3391: $? = 0
configure:3398: gcc -v >&5
Using built-in specs.
Target: i486-linux-gnu
Configured with: ../src/configure -v --enable-languages=c,c++,fortran,objc,obj-c++,treelang --prefix=/usr --enable-shared --with-system-zlib --libexecdir=/usr/lib --without-included-gettext --enable-threads=posix --enable-nls --program-suffix=-4.1 --enable-__cxa_atexit --enable-clocale=gnu --enable-libstdcxx-debug --enable-mpfr --with-tune=i686 --enable-checking=release i486-linux-gnu
Thread model: posix
gcc version 4.1.2 20060928 (prerelease) (Debian 4.1.1-15)
configure:3401: $? = 0
configure:3408: gcc -V >&5
gcc: '-V' option must have argument
configure:3411: $? = 1
configure:3414: checking whether we are using the GNU C compiler
configure:3483: result: yes
configure:3488: checking whether gcc accepts -g
configure:3674: result: yes
configure:3691: checking for gcc option to accept ISO C89
configure:3811: result: none needed
configure:3832: checking for gcc option to accept ANSI C
configure:3899: gcc  -c -g -O2  conftest.c >&5
configure:3905: $? = 0
configure:3912: test -z "$ac_c_werror_flag" || test ! -s conftest.err
configure:3915: $? = 0
configure:3922: test -s conftest.o
configure:3925: $? = 0
configure:3942: result: none needed
configure:3958: checking how to run the C preprocessor
configure:3998: gcc -E  conftest.c
configure:4004: $? = 0
configure:4042: gcc -E  conftest.c
conftest.c:10:28: error: ac_nonexistent.h: No such file or directory
configure:4048: $? = 1
configure: failed program was:
| /* confdefs.h.  */
| #define PACKAGE_NAME ""
| #define PACKAGE_TARNAME ""
| #define PACKAGE_VERSION ""
| #define PACKAGE_STRING ""
| #define PACKAGE_BUGREPORT ""
| #define PACKAGE "gtkdbgp"
| #define VERSION "0.1"
| /* end confdefs.h.  */
| #include <ac_nonexistent.h>
configure:4088: result: gcc -E
configure:4117: gcc -E  conftest.c
configure:4123: $? = 0
configure:4161: gcc -E  conftest.c
conftest.c:10:28: error: ac_nonexistent.h: No such file or directory
configure:4167: $? = 1
configure: failed program was:
| /* confdefs.h.  */
| #define PACKAGE_NAME ""
| #define PACKAGE_TARNAME ""
| #define PACKAGE_VERSION ""
| #define PACKAGE_STRING ""
| #define PACKAGE_BUGREPORT ""
| #define PACKAGE "gtkdbgp"
| #define VERSION "0.1"
| /* end confdefs.h.  */
| #include <ac_nonexistent.h>
configure:4212: checking for grep that handles long lines and -e
configure:4286: result: /bin/grep
configure:4291: checking for egrep
configure:4369: result: /bin/grep -E
configure:4374: checking for ANSI C header files
configure:4404: gcc -c -g -O2  conftest.c >&5
configure:4410: $? = 0
configure:4417: test -z "$ac_c_werror_flag" || test ! -s conftest.err
configure:4420: $? = 0
configure:4427: test -s conftest.o
configure:4430: $? = 0
configure:4526: gcc -o conftest -g -O2   conftest.c  >&5
configure:4529: $? = 0
configure:4535: ./conftest
configure:4538: $? = 0
configure:4555: result: yes
configure:4616: checking for pkg-config
configure:4634: found /usr/bin/pkg-config
configure:4646: result: /usr/bin/pkg-config
configure:4675: checking pkg-config is at least version 0.9.0
configure:4678: result: yes
configure:4689: checking for PACKAGE
configure:4697: $PKG_CONFIG --exists --print-errors "$pkg_modules"
configure:4700: $? = 0
configure:4715: $PKG_CONFIG --exists --print-errors "$pkg_modules"
configure:4718: $? = 0
configure:4794: result: yes
configure:4903: creating ./config.status

## ---------------------- ##
## Running config.status. ##
## ---------------------- ##

This file was extended by config.status, which was
generated by GNU Autoconf 2.60.  Invocation command line was

  CONFIG_FILES    = 
  CONFIG_HEADERS  = 
  CONFIG_LINKS    = 
  CONFIG_COMMANDS = 
  $ ./config.status 

on kossu.home.derickrethans.nl

config.status:608: creating Makefile
config.status:743: WARNING:  Makefile.in seems to ignore the --datarootdir setting
config.status:608: creating src/Makefile
config.status:743: WARNING:  src/Makefile.in seems to ignore the --datarootdir setting
config.status:608: creating config.h
config.status:832: executing default-1 commands

## ---------------- ##
## Cache variables. ##
## ---------------- ##

ac_cv_c_compiler_gnu=yes
ac_cv_env_CC_set=
ac_cv_env_CC_value=
ac_cv_env_CFLAGS_set=
ac_cv_env_CFLAGS_value=
ac_cv_env_CPPFLAGS_set=
ac_cv_env_CPPFLAGS_value=
ac_cv_env_CPP_set=
ac_cv_env_CPP_value=
ac_cv_env_LDFLAGS_set=
ac_cv_env_LDFLAGS_value=
ac_cv_env_PACKAGE_CFLAGS_set=
ac_cv_env_PACKAGE_CFLAGS_value=
ac_cv_env_PACKAGE_LIBS_set=
ac_cv_env_PACKAGE_LIBS_value=
ac_cv_env_PKG_CONFIG_set=
ac_cv_env_PKG_CONFIG_value=
ac_cv_env_build_alias_set=
ac_cv_env_build_alias_value=
ac_cv_env_host_alias_set=
ac_cv_env_host_alias_value=
ac_cv_env_target_alias_set=
ac_cv_env_target_alias_value=
ac_cv_header_stdc=yes
ac_cv_lib_cposix_strerror=no
ac_cv_objext=o
ac_cv_path_EGREP='/bin/grep -E'
ac_cv_path_GREP=/bin/grep
ac_cv_path_ac_pt_PKG_CONFIG=/usr/bin/pkg-config
ac_cv_path_install='/usr/bin/install -c'
ac_cv_prog_CPP='gcc -E'
ac_cv_prog_ac_ct_CC=gcc
ac_cv_prog_cc_c89=
ac_cv_prog_cc_g=yes
ac_cv_prog_make_make_set=yes
am_cv_prog_cc_stdc=
pkg_cv_PACKAGE_CFLAGS='-pthread -I/usr/include/gtk-2.0 -I/usr/lib/gtk-2.0/include -I/usr/include/atk-1.0 -I/usr/include/cairo -I/usr/include/pango-1.0 -I/usr/include/glib-2.0 -I/usr/lib/glib-2.0/include -I/usr/include/gnet-2.0 -I/usr/lib/gnet-2.0/include/ -I/usr/include/libxml2  '
pkg_cv_PACKAGE_LIBS='-pthread -lgtk-x11-2.0 -lgdk-x11-2.0 -latk-1.0 -lgdk_pixbuf-2.0 -lm -lpangocairo-1.0 -lfontconfig -lXext -lXrender -lXinerama -lXi -lXrandr -lXcursor -lXfixes -lpango-1.0 -lcairo -lX11 -lgobject-2.0 -lgmodule-2.0 -ldl -lgnet-2.0 -lgthread-2.0 -lglib-2.0 -lxml2  '

## ----------------- ##
## Output variables. ##
## ----------------- ##

ACLOCAL='aclocal-1.4'
AUTOCONF='autoconf'
AUTOHEADER='autoheader'
AUTOMAKE='automake-1.4'
CC='gcc'
CFLAGS='-g -O2'
CPP='gcc -E'
CPPFLAGS=''
DEFS='-DHAVE_CONFIG_H'
ECHO_C=''
ECHO_N='-n'
ECHO_T=''
EGREP='/bin/grep -E'
EXEEXT=''
GREP='/bin/grep'
INSTALL_DATA='${INSTALL} -m 644'
INSTALL_PROGRAM='${INSTALL}'
INSTALL_SCRIPT='${INSTALL}'
LDFLAGS=''
LIBOBJS=''
LIBS=''
LTLIBOBJS=''
MAINT='#'
MAINTAINER_MODE_FALSE=''
MAINTAINER_MODE_TRUE='#'
MAKEINFO='makeinfo'
OBJEXT='o'
PACKAGE='gtkdbgp'
PACKAGE_BUGREPORT=''
PACKAGE_CFLAGS='-pthread -I/usr/include/gtk-2.0 -I/usr/lib/gtk-2.0/include -I/usr/include/atk-1.0 -I/usr/include/cairo -I/usr/include/pango-1.0 -I/usr/include/glib-2.0 -I/usr/lib/glib-2.0/include -I/usr/include/gnet-2.0 -I/usr/lib/gnet-2.0/include/ -I/usr/include/libxml2  '
PACKAGE_LIBS='-pthread -lgtk-x11-2.0 -lgdk-x11-2.0 -latk-1.0 -lgdk_pixbuf-2.0 -lm -lpangocairo-1.0 -lfontconfig -lXext -lXrender -lXinerama -lXi -lXrandr -lXcursor -lXfixes -lpango-1.0 -lcairo -lX11 -lgobject-2.0 -lgmodule-2.0 -ldl -lgnet-2.0 -lgthread-2.0 -lglib-2.0 -lxml2  '
PACKAGE_NAME=''
PACKAGE_STRING=''
PACKAGE_TARNAME=''
PACKAGE_VERSION=''
PATH_SEPARATOR=':'
PKG_CONFIG='/usr/bin/pkg-config'
SET_MAKE=''
SHELL='/bin/sh'
VERSION='0.1'
ac_ct_CC='gcc'
bindir='${exec_prefix}/bin'
build_alias=''
datadir='${datarootdir}'
datarootdir='${prefix}/share'
docdir='${datarootdir}/doc/${PACKAGE}'
dvidir='${docdir}'
exec_prefix='${prefix}'
host_alias=''
htmldir='${docdir}'
includedir='${prefix}/include'
infodir='${datarootdir}/info'
libdir='${exec_prefix}/lib'
libexecdir='${exec_prefix}/libexec'
localedir='${datarootdir}/locale'
localstatedir='${prefix}/var'
mandir='${datarootdir}/man'
oldincludedir='/usr/include'
pdfdir='${docdir}'
prefix='/usr/local'
program_transform_name='s,x,x,'
psdir='${docdir}'
sbindir='${exec_prefix}/sbin'
sharedstatedir='${prefix}/com'
sysconfdir='${prefix}/etc'
target_alias=''

## ----------- ##
## confdefs.h. ##
## ----------- ##

#define PACKAGE_NAME ""
#define PACKAGE_TARNAME ""
#define PACKAGE_VERSION ""
#define PACKAGE_STRING ""
#define PACKAGE_BUGREPORT ""
#define PACKAGE "gtkdbgp"
#define VERSION "0.1"
#define STDC_HEADERS 1

configure: exit 0
